<?xml version="1.0" encoding="UTF-8"?>
<testng-results ignored="0" total="3" passed="3" failed="0" skipped="0">
  <reporter-output>
  </reporter-output>
  <suite started-at="2024-07-24T19:18:35 IST" name="SeleniumGrid" finished-at="2024-07-24T19:18:57 IST" duration-ms="22652">
    <groups>
    </groups>
    <test started-at="2024-07-24T19:18:35 IST" name="ChromeTest" finished-at="2024-07-24T19:18:55 IST" duration-ms="20696">
      <class name="DockerAssignment.SeleniumGridTest">
        <test-method signature="CrossBrowserTest(java.lang.String)[pri:0, instance:DockerAssignment.SeleniumGridTest@23c30a20]" started-at="2024-07-24T19:18:35 IST" name="CrossBrowserTest" finished-at="2024-07-24T19:18:55 IST" duration-ms="20639" status="PASS">
          <params>
            <param index="0">
              <value>
                <![CDATA[Chrome]]>
              </value>
            </param>
          </params>
          <reporter-output>
          </reporter-output>
        </test-method> <!-- CrossBrowserTest -->
      </class> <!-- DockerAssignment.SeleniumGridTest -->
    </test> <!-- ChromeTest -->
    <test started-at="2024-07-24T19:18:35 IST" name="EdgeTest" finished-at="2024-07-24T19:18:57 IST" duration-ms="22268">
      <class name="DockerAssignment.SeleniumGridTest">
        <test-method signature="CrossBrowserTest(java.lang.String)[pri:0, instance:DockerAssignment.SeleniumGridTest@298a5e20]" started-at="2024-07-24T19:18:35 IST" name="CrossBrowserTest" finished-at="2024-07-24T19:18:57 IST" duration-ms="22215" status="PASS">
          <params>
            <param index="0">
              <value>
                <![CDATA[Edge]]>
              </value>
            </param>
          </params>
          <reporter-output>
          </reporter-output>
        </test-method> <!-- CrossBrowserTest -->
      </class> <!-- DockerAssignment.SeleniumGridTest -->
    </test> <!-- EdgeTest -->
    <test started-at="2024-07-24T19:18:35 IST" name="FirefoxTest" finished-at="2024-07-24T19:18:57 IST" duration-ms="22652">
      <class name="DockerAssignment.SeleniumGridTest">
        <test-method signature="CrossBrowserTest(java.lang.String)[pri:0, instance:DockerAssignment.SeleniumGridTest@3e27aa33]" started-at="2024-07-24T19:18:35 IST" name="CrossBrowserTest" finished-at="2024-07-24T19:18:57 IST" duration-ms="22598" status="PASS">
          <params>
            <param index="0">
              <value>
                <![CDATA[Firefox]]>
              </value>
            </param>
          </params>
          <reporter-output>
          </reporter-output>
        </test-method> <!-- CrossBrowserTest -->
      </class> <!-- DockerAssignment.SeleniumGridTest -->
    </test> <!-- FirefoxTest -->
  </suite> <!-- SeleniumGrid -->
</testng-results>
